<?xml version="1.0" encoding="UTF-8"?>
<testng-results ignored="0" total="9" passed="9" failed="0" skipped="0">
  <reporter-output>
  </reporter-output>
  <suite started-at="2020-11-01T14:48:37Z" name="Automation Suite" finished-at="2020-11-01T14:49:07Z" duration-ms="30069">
    <groups>
    </groups>
    <test started-at="2020-11-01T14:48:37Z" name="Chrome Browser" finished-at="2020-11-01T14:49:05Z" duration-ms="27442">
      <class name="crossbrowsertesting.RegisterDemo">
        <test-method is-config="true" signature="launchApplication(java.lang.String, java.lang.String)[pri:0, instance:crossbrowsertesting.RegisterDemo@548a102f]" started-at="2020-11-01T14:48:37Z" name="launchApplication" finished-at="2020-11-01T14:48:48Z" duration-ms="10500" status="PASS">
          <params>
            <param index="0">
              <value>
                <![CDATA[chrome]]>
              </value>
            </param>
            <param index="1">
              <value>
                <![CDATA[https://aiforevery1.com]]>
              </value>
            </param>
          </params>
          <reporter-output>
          </reporter-output>
        </test-method> <!-- launchApplication -->
        <test-method signature="navigateToRegisterDemo()[pri:1, instance:crossbrowsertesting.RegisterDemo@548a102f]" started-at="2020-11-01T14:48:48Z" name="navigateToRegisterDemo" finished-at="2020-11-01T14:48:50Z" duration-ms="2281" status="PASS">
          <reporter-output>
          </reporter-output>
        </test-method> <!-- navigateToRegisterDemo -->
        <test-method signature="registerDemo()[pri:2, instance:crossbrowsertesting.RegisterDemo@548a102f]" started-at="2020-11-01T14:48:50Z" name="registerDemo" finished-at="2020-11-01T14:49:04Z" duration-ms="13976" status="PASS">
          <reporter-output>
          </reporter-output>
        </test-method> <!-- registerDemo -->
        <test-method signature="validateSuccessfulMsg()[pri:3, instance:crossbrowsertesting.RegisterDemo@548a102f]" started-at="2020-11-01T14:49:04Z" name="validateSuccessfulMsg" finished-at="2020-11-01T14:49:04Z" duration-ms="167" status="PASS">
          <reporter-output>
          </reporter-output>
        </test-method> <!-- validateSuccessfulMsg -->
        <test-method is-config="true" signature="closeApplication()[pri:0, instance:crossbrowsertesting.RegisterDemo@548a102f]" started-at="2020-11-01T14:49:04Z" name="closeApplication" finished-at="2020-11-01T14:49:05Z" duration-ms="491" status="PASS">
          <reporter-output>
          </reporter-output>
        </test-method> <!-- closeApplication -->
      </class> <!-- crossbrowsertesting.RegisterDemo -->
    </test> <!-- Chrome Browser -->
    <test started-at="2020-11-01T14:48:37Z" name="Edge Browser" finished-at="2020-11-01T14:49:05Z" duration-ms="27667">
      <class name="crossbrowsertesting.RegisterDemo">
        <test-method is-config="true" signature="launchApplication(java.lang.String, java.lang.String)[pri:0, instance:crossbrowsertesting.RegisterDemo@6ab7a896]" started-at="2020-11-01T14:48:37Z" name="launchApplication" finished-at="2020-11-01T14:48:49Z" duration-ms="11717" status="PASS">
          <params>
            <param index="0">
              <value>
                <![CDATA[edge]]>
              </value>
            </param>
            <param index="1">
              <value>
                <![CDATA[https://aiforevery1.com]]>
              </value>
            </param>
          </params>
          <reporter-output>
          </reporter-output>
        </test-method> <!-- launchApplication -->
        <test-method signature="navigateToRegisterDemo()[pri:1, instance:crossbrowsertesting.RegisterDemo@6ab7a896]" started-at="2020-11-01T14:48:49Z" name="navigateToRegisterDemo" finished-at="2020-11-01T14:48:52Z" duration-ms="2502" status="PASS">
          <reporter-output>
          </reporter-output>
        </test-method> <!-- navigateToRegisterDemo -->
        <test-method signature="registerDemo()[pri:2, instance:crossbrowsertesting.RegisterDemo@6ab7a896]" started-at="2020-11-01T14:48:52Z" name="registerDemo" finished-at="2020-11-01T14:49:05Z" duration-ms="12865" status="PASS">
          <reporter-output>
          </reporter-output>
        </test-method> <!-- registerDemo -->
        <test-method signature="validateSuccessfulMsg()[pri:3, instance:crossbrowsertesting.RegisterDemo@6ab7a896]" started-at="2020-11-01T14:49:05Z" name="validateSuccessfulMsg" finished-at="2020-11-01T14:49:05Z" duration-ms="185" status="PASS">
          <reporter-output>
          </reporter-output>
        </test-method> <!-- validateSuccessfulMsg -->
        <test-method is-config="true" signature="closeApplication()[pri:0, instance:crossbrowsertesting.RegisterDemo@6ab7a896]" started-at="2020-11-01T14:49:05Z" name="closeApplication" finished-at="2020-11-01T14:49:05Z" duration-ms="375" status="PASS">
          <reporter-output>
          </reporter-output>
        </test-method> <!-- closeApplication -->
      </class> <!-- crossbrowsertesting.RegisterDemo -->
    </test> <!-- Edge Browser -->
    <test started-at="2020-11-01T14:48:37Z" name="Firefox Browser" finished-at="2020-11-01T14:49:07Z" duration-ms="30067">
      <class name="crossbrowsertesting.RegisterDemo">
        <test-method is-config="true" signature="launchApplication(java.lang.String, java.lang.String)[pri:0, instance:crossbrowsertesting.RegisterDemo@3e3047e6]" started-at="2020-11-01T14:48:37Z" name="launchApplication" finished-at="2020-11-01T14:48:51Z" duration-ms="13952" status="PASS">
          <params>
            <param index="0">
              <value>
                <![CDATA[firefox]]>
              </value>
            </param>
            <param index="1">
              <value>
                <![CDATA[https://aiforevery1.com]]>
              </value>
            </param>
          </params>
          <reporter-output>
          </reporter-output>
        </test-method> <!-- launchApplication -->
        <test-method signature="navigateToRegisterDemo()[pri:1, instance:crossbrowsertesting.RegisterDemo@3e3047e6]" started-at="2020-11-01T14:48:51Z" name="navigateToRegisterDemo" finished-at="2020-11-01T14:48:54Z" duration-ms="2826" status="PASS">
          <reporter-output>
          </reporter-output>
        </test-method> <!-- navigateToRegisterDemo -->
        <test-method signature="registerDemo()[pri:2, instance:crossbrowsertesting.RegisterDemo@3e3047e6]" started-at="2020-11-01T14:48:54Z" name="registerDemo" finished-at="2020-11-01T14:49:03Z" duration-ms="9246" status="PASS">
          <reporter-output>
          </reporter-output>
        </test-method> <!-- registerDemo -->
        <test-method signature="validateSuccessfulMsg()[pri:3, instance:crossbrowsertesting.RegisterDemo@3e3047e6]" started-at="2020-11-01T14:49:03Z" name="validateSuccessfulMsg" finished-at="2020-11-01T14:49:04Z" duration-ms="369" status="PASS">
          <reporter-output>
          </reporter-output>
        </test-method> <!-- validateSuccessfulMsg -->
        <test-method is-config="true" signature="closeApplication()[pri:0, instance:crossbrowsertesting.RegisterDemo@3e3047e6]" started-at="2020-11-01T14:49:04Z" name="closeApplication" finished-at="2020-11-01T14:49:07Z" duration-ms="3657" status="PASS">
          <reporter-output>
          </reporter-output>
        </test-method> <!-- closeApplication -->
      </class> <!-- crossbrowsertesting.RegisterDemo -->
    </test> <!-- Firefox Browser -->
  </suite> <!-- Automation Suite -->
</testng-results>
