<?xml version="1.0" encoding="UTF-8"?>
<!-- Generated by org.testng.reporters.JUnitXMLReporter -->
<testsuite ignored="0" hostname="DESKTOP-QMSQO3B" failures="0" tests="3" name="Test" time="18.618" errors="0" timestamp="01 Nov 2020 13:23:51 GMT">
  <testcase classname="crossbrowsertesting.RegisterDemo" name="navigateToRegisterDemo" time="1.71"/>
  <testcase classname="crossbrowsertesting.RegisterDemo" name="registerDemo" time="6.142"/>
  <testcase classname="crossbrowsertesting.RegisterDemo" name="validateSuccessfulMsg" time="0.078"/>
</testsuite> <!-- Test -->
