<?xml version="1.0" encoding="UTF-8"?>
<!-- Generated by org.testng.reporters.JUnitXMLReporter -->
<testsuite ignored="0" hostname="DESKTOP-QMSQO3B" failures="0" tests="3" name="Edge Browser" time="27.667" errors="0" timestamp="01 Nov 2020 14:49:05 GMT">
  <testcase classname="crossbrowsertesting.RegisterDemo" name="navigateToRegisterDemo" time="2.502"/>
  <testcase classname="crossbrowsertesting.RegisterDemo" name="registerDemo" time="12.865"/>
  <testcase classname="crossbrowsertesting.RegisterDemo" name="validateSuccessfulMsg" time="0.185"/>
</testsuite> <!-- Edge Browser -->
