<?xml version="1.0" encoding="UTF-8"?>
<!-- Generated by org.testng.reporters.JUnitXMLReporter -->
<testsuite ignored="0" hostname="DESKTOP-QMSQO3B" failures="0" tests="3" name="Firefox Browser" time="30.067" errors="0" timestamp="01 Nov 2020 14:49:07 GMT">
  <testcase classname="crossbrowsertesting.RegisterDemo" name="navigateToRegisterDemo" time="2.826"/>
  <testcase classname="crossbrowsertesting.RegisterDemo" name="registerDemo" time="9.246"/>
  <testcase classname="crossbrowsertesting.RegisterDemo" name="validateSuccessfulMsg" time="0.369"/>
</testsuite> <!-- Firefox Browser -->
